<?xml version="1.0" encoding="UTF-8"?>
<!-- Generated by org.testng.reporters.JUnitReportReporter -->
<testsuite hostname="MEHMETALIMEMIS" failures="0" tests="1" name="gittigidiyorCase.NewTest" time="1.448" errors="1" timestamp="13 Mar 2021 10:56:54 GMT" skipped="0">
  <testcase classname="gittigidiyorCase.NewTest" name="f" time="1.448">
    <error message="session not created: This version of ChromeDriver only supports Chrome version 87
Current browser version is 89.0.4389.82 with binary path C:\Program Files (x86)\Google\Chrome\Application\chrome.exe
Build info: version: &#039;3.141.59&#039;, revision: &#039;e82be7d358&#039;, time: &#039;2018-11-14T08:17:03&#039;
System info: host: &#039;MEHMETALIMEMIS&#039;, ip: &#039;192.168.43.254&#039;, os.name: &#039;Windows 10&#039;, os.arch: &#039;amd64&#039;, os.version: &#039;10.0&#039;, java.version: &#039;14.0.2&#039;
Driver info: driver.version: ChromeDriver
remote stacktrace: Backtrace:
	Ordinal0 [0x00C3C0C3+3326147]
	Ordinal0 [0x00B20851+2164817]
	Ordinal0 [0x009A7298+619160]
	Ordinal0 [0x00921D92+73106]
	Ordinal0 [0x0091E119+57625]
	Ordinal0 [0x0091C38A+50058]
	Ordinal0 [0x00945F3E+220990]
	Ordinal0 [0x00945CAC+220332]
	Ordinal0 [0x0094189B+202907]
	Ordinal0 [0x00923DF4+81396]
	Ordinal0 [0x00924DEE+85486]
	Ordinal0 [0x00924D79+85369]
	Ordinal0 [0x00B385DC+2262492]
	GetHandleVerifier [0x00DC2874+1487204]
	GetHandleVerifier [0x00DC23CD+1486013]
	GetHandleVerifier [0x00DCA368+1518680]
	GetHandleVerifier [0x00DC2F4E+1488958]
	Ordinal0 [0x00B2ED0D+2223373]
	Ordinal0 [0x00B3A12B+2269483]
	Ordinal0 [0x00B3A26F+2269807]
	Ordinal0 [0x00B4ECB8+2354360]
	BaseThreadInitThunk [0x77126359+25]
	RtlGetAppContainerNamedObjectPath [0x778C8944+228]
	RtlGetAppContainerNamedObjectPath [0x778C8914+180]
" type="org.openqa.selenium.SessionNotCreatedException">
      <![CDATA[org.openqa.selenium.SessionNotCreatedException: session not created: This version of ChromeDriver only supports Chrome version 87
Current browser version is 89.0.4389.82 with binary path C:\Program Files (x86)\Google\Chrome\Application\chrome.exe
Build info: version: '3.141.59', revision: 'e82be7d358', time: '2018-11-14T08:17:03'
System info: host: 'MEHMETALIMEMIS', ip: '192.168.43.254', os.name: 'Windows 10', os.arch: 'amd64', os.version: '10.0', java.version: '14.0.2'
Driver info: driver.version: ChromeDriver
remote stacktrace: Backtrace:
Ordinal0 [0x00C3C0C3+3326147]
Ordinal0 [0x00B20851+2164817]
Ordinal0 [0x009A7298+619160]
Ordinal0 [0x00921D92+73106]
Ordinal0 [0x0091E119+57625]
Ordinal0 [0x0091C38A+50058]
Ordinal0 [0x00945F3E+220990]
Ordinal0 [0x00945CAC+220332]
Ordinal0 [0x0094189B+202907]
Ordinal0 [0x00923DF4+81396]
Ordinal0 [0x00924DEE+85486]
Ordinal0 [0x00924D79+85369]
Ordinal0 [0x00B385DC+2262492]
GetHandleVerifier [0x00DC2874+1487204]
GetHandleVerifier [0x00DC23CD+1486013]
GetHandleVerifier [0x00DCA368+1518680]
GetHandleVerifier [0x00DC2F4E+1488958]
Ordinal0 [0x00B2ED0D+2223373]
Ordinal0 [0x00B3A12B+2269483]
Ordinal0 [0x00B3A26F+2269807]
Ordinal0 [0x00B4ECB8+2354360]
BaseThreadInitThunk [0x77126359+25]
RtlGetAppContainerNamedObjectPath [0x778C8944+228]
RtlGetAppContainerNamedObjectPath [0x778C8914+180]

at java.base/jdk.internal.reflect.NativeConstructorAccessorImpl.newInstance0(Native Method)
at java.base/jdk.internal.reflect.NativeConstructorAccessorImpl.newInstance(NativeConstructorAccessorImpl.java:62)
at java.base/jdk.internal.reflect.DelegatingConstructorAccessorImpl.newInstance(DelegatingConstructorAccessorImpl.java:45)
at java.base/java.lang.reflect.Constructor.newInstanceWithCaller(Constructor.java:500)
at java.base/java.lang.reflect.Constructor.newInstance(Constructor.java:481)
at org.openqa.selenium.remote.W3CHandshakeResponse.lambda$errorHandler$0(W3CHandshakeResponse.java:62)
at org.openqa.selenium.remote.HandshakeResponse.lambda$getResponseFunction$0(HandshakeResponse.java:30)
at org.openqa.selenium.remote.ProtocolHandshake.lambda$createSession$0(ProtocolHandshake.java:126)
at java.base/java.util.stream.ReferencePipeline$3$1.accept(ReferencePipeline.java:195)
at java.base/java.util.Spliterators$ArraySpliterator.tryAdvance(Spliterators.java:958)
at java.base/java.util.stream.ReferencePipeline.forEachWithCancel(ReferencePipeline.java:127)
at java.base/java.util.stream.AbstractPipeline.copyIntoWithCancel(AbstractPipeline.java:502)
at java.base/java.util.stream.AbstractPipeline.copyInto(AbstractPipeline.java:488)
at java.base/java.util.stream.AbstractPipeline.wrapAndCopyInto(AbstractPipeline.java:474)
at java.base/java.util.stream.FindOps$FindOp.evaluateSequential(FindOps.java:150)
at java.base/java.util.stream.AbstractPipeline.evaluate(AbstractPipeline.java:234)
at java.base/java.util.stream.ReferencePipeline.findFirst(ReferencePipeline.java:543)
at org.openqa.selenium.remote.ProtocolHandshake.createSession(ProtocolHandshake.java:128)
at org.openqa.selenium.remote.ProtocolHandshake.createSession(ProtocolHandshake.java:74)
at org.openqa.selenium.remote.HttpCommandExecutor.execute(HttpCommandExecutor.java:136)
at org.openqa.selenium.remote.service.DriverCommandExecutor.execute(DriverCommandExecutor.java:83)
at org.openqa.selenium.remote.RemoteWebDriver.execute(RemoteWebDriver.java:552)
at org.openqa.selenium.remote.RemoteWebDriver.startSession(RemoteWebDriver.java:213)
at org.openqa.selenium.remote.RemoteWebDriver.<init>(RemoteWebDriver.java:131)
at org.openqa.selenium.chrome.ChromeDriver.<init>(ChromeDriver.java:181)
at org.openqa.selenium.chrome.ChromeDriver.<init>(ChromeDriver.java:168)
at org.openqa.selenium.chrome.ChromeDriver.<init>(ChromeDriver.java:123)
at gittigidiyorCase.NewTest.f(NewTest.java:15)
at java.base/jdk.internal.reflect.NativeMethodAccessorImpl.invoke0(Native Method)
at java.base/jdk.internal.reflect.NativeMethodAccessorImpl.invoke(NativeMethodAccessorImpl.java:62)
at java.base/jdk.internal.reflect.DelegatingMethodAccessorImpl.invoke(DelegatingMethodAccessorImpl.java:43)
at java.base/java.lang.reflect.Method.invoke(Method.java:564)
at org.testng.internal.MethodInvocationHelper.invokeMethod(MethodInvocationHelper.java:124)
at org.testng.internal.Invoker.invokeMethod(Invoker.java:583)
at org.testng.internal.Invoker.invokeTestMethod(Invoker.java:719)
at org.testng.internal.Invoker.invokeTestMethods(Invoker.java:989)
at org.testng.internal.TestMethodWorker.invokeTestMethods(TestMethodWorker.java:125)
at org.testng.internal.TestMethodWorker.run(TestMethodWorker.java:109)
at org.testng.TestRunner.privateRun(TestRunner.java:648)
at org.testng.TestRunner.run(TestRunner.java:505)
at org.testng.SuiteRunner.runTest(SuiteRunner.java:455)
at org.testng.SuiteRunner.runSequentially(SuiteRunner.java:450)
at org.testng.SuiteRunner.privateRun(SuiteRunner.java:415)
at org.testng.SuiteRunner.run(SuiteRunner.java:364)
at org.testng.SuiteRunnerWorker.runSuite(SuiteRunnerWorker.java:52)
at org.testng.SuiteRunnerWorker.run(SuiteRunnerWorker.java:84)
at org.testng.TestNG.runSuitesSequentially(TestNG.java:1208)
at org.testng.TestNG.runSuitesLocally(TestNG.java:1137)
at org.testng.TestNG.runSuites(TestNG.java:1049)
at org.testng.TestNG.run(TestNG.java:1017)
at org.testng.remote.AbstractRemoteTestNG.run(AbstractRemoteTestNG.java:115)
at org.testng.remote.RemoteTestNG.initAndRun(RemoteTestNG.java:251)
at org.testng.remote.RemoteTestNG.main(RemoteTestNG.java:77)
]]>
    </error>
  </testcase> <!-- f -->
</testsuite> <!-- gittigidiyorCase.NewTest -->
